{"/Users/bigpimpmcdaddy/Desktop/emergency-journal-application/app/testing/regression_testing/testConfig.js": {"path":"/Users/bigpimpmcdaddy/Desktop/emergency-journal-application/app/testing/regression_testing/testConfig.js","statementMap":{"0":{"start":{"line":1,"column":19},"end":{"line":1,"column":20}},"1":{"start":{"line":2,"column":12},"end":{"line":2,"column":36}},"2":{"start":{"line":3,"column":0},"end":{"line":3,"column":36}}},"fnMap":{},"branchMap":{},"s":{"0":3,"1":3,"2":3},"f":{},"b":{},"_coverageSchema":"1a1c01bbd47fc00a2c39e90264f33305004495a9","hash":"0ce9fa85684b830e31447d15936d59368cc3441a"}
,"/Users/bigpimpmcdaddy/Desktop/emergency-journal-application/app/testing/regression_testing/testUtilities.js": {"path":"/Users/bigpimpmcdaddy/Desktop/emergency-journal-application/app/testing/regression_testing/testUtilities.js","statementMap":{"0":{"start":{"line":1,"column":31},"end":{"line":1,"column":60}},"1":{"start":{"line":2,"column":23},"end":{"line":2,"column":49}},"2":{"start":{"line":3,"column":36},"end":{"line":3,"column":72}},"3":{"start":{"line":7,"column":25},"end":{"line":7,"column":88}},"4":{"start":{"line":10,"column":2},"end":{"line":20,"column":3}},"5":{"start":{"line":11,"column":4},"end":{"line":15,"column":14}},"6":{"start":{"line":16,"column":4},"end":{"line":16,"column":25}},"7":{"start":{"line":17,"column":4},"end":{"line":17,"column":17}},"8":{"start":{"line":19,"column":4},"end":{"line":19,"column":64}},"9":{"start":{"line":25,"column":2},"end":{"line":25,"column":18}},"10":{"start":{"line":26,"column":2},"end":{"line":28,"column":4}},"11":{"start":{"line":27,"column":4},"end":{"line":27,"column":27}},"12":{"start":{"line":33,"column":22},"end":{"line":33,"column":86}},"13":{"start":{"line":34,"column":15},"end":{"line":34,"column":17}},"14":{"start":{"line":35,"column":2},"end":{"line":37,"column":3}},"15":{"start":{"line":35,"column":15},"end":{"line":35,"column":16}},"16":{"start":{"line":36,"column":4},"end":{"line":36,"column":80}},"17":{"start":{"line":38,"column":2},"end":{"line":38,"column":15}},"18":{"start":{"line":43,"column":18},"end":{"line":43,"column":31}},"19":{"start":{"line":44,"column":15},"end":{"line":44,"column":19}},"20":{"start":{"line":45,"column":21},"end":{"line":45,"column":22}},"21":{"start":{"line":46,"column":2},"end":{"line":61,"column":3}},"22":{"start":{"line":47,"column":4},"end":{"line":60,"column":5}},"23":{"start":{"line":48,"column":22},"end":{"line":49,"column":70}},"24":{"start":{"line":50,"column":6},"end":{"line":52,"column":7}},"25":{"start":{"line":50,"column":19},"end":{"line":50,"column":20}},"26":{"start":{"line":51,"column":8},"end":{"line":51,"column":22}},"27":{"start":{"line":53,"column":6},"end":{"line":53,"column":21}},"28":{"start":{"line":55,"column":6},"end":{"line":59,"column":7}},"29":{"start":{"line":56,"column":8},"end":{"line":56,"column":22}},"30":{"start":{"line":58,"column":8},"end":{"line":58,"column":28}},"31":{"start":{"line":62,"column":2},"end":{"line":62,"column":25}},"32":{"start":{"line":63,"column":2},"end":{"line":63,"column":21}},"33":{"start":{"line":68,"column":22},"end":{"line":68,"column":24}},"34":{"start":{"line":69,"column":18},"end":{"line":69,"column":31}},"35":{"start":{"line":70,"column":15},"end":{"line":70,"column":19}},"36":{"start":{"line":71,"column":2},"end":{"line":94,"column":3}},"37":{"start":{"line":72,"column":4},"end":{"line":93,"column":5}},"38":{"start":{"line":73,"column":22},"end":{"line":76,"column":8}},"39":{"start":{"line":75,"column":8},"end":{"line":75,"column":18}},"40":{"start":{"line":77,"column":6},"end":{"line":85,"column":22}},"41":{"start":{"line":78,"column":8},"end":{"line":84,"column":9}},"42":{"start":{"line":79,"column":10},"end":{"line":81,"column":11}},"43":{"start":{"line":79,"column":23},"end":{"line":79,"column":24}},"44":{"start":{"line":80,"column":12},"end":{"line":80,"column":40}},"45":{"start":{"line":83,"column":10},"end":{"line":83,"column":38}},"46":{"start":{"line":86,"column":6},"end":{"line":86,"column":21}},"47":{"start":{"line":88,"column":6},"end":{"line":92,"column":7}},"48":{"start":{"line":89,"column":8},"end":{"line":89,"column":22}},"49":{"start":{"line":91,"column":8},"end":{"line":91,"column":28}},"50":{"start":{"line":95,"column":2},"end":{"line":95,"column":25}},"51":{"start":{"line":96,"column":2},"end":{"line":96,"column":20}},"52":{"start":{"line":102,"column":2},"end":{"line":110,"column":3}},"53":{"start":{"line":103,"column":24},"end":{"line":106,"column":6}},"54":{"start":{"line":105,"column":6},"end":{"line":105,"column":18}},"55":{"start":{"line":107,"column":4},"end":{"line":107,"column":22}},"56":{"start":{"line":109,"column":4},"end":{"line":109,"column":13}},"57":{"start":{"line":115,"column":22},"end":{"line":118,"column":4}},"58":{"start":{"line":117,"column":4},"end":{"line":117,"column":14}},"59":{"start":{"line":119,"column":2},"end":{"line":119,"column":20}},"60":{"start":{"line":123,"column":22},"end":{"line":125,"column":4}},"61":{"start":{"line":124,"column":4},"end":{"line":124,"column":14}},"62":{"start":{"line":126,"column":2},"end":{"line":126,"column":20}},"63":{"start":{"line":131,"column":2},"end":{"line":139,"column":3}},"64":{"start":{"line":132,"column":24},"end":{"line":135,"column":6}},"65":{"start":{"line":133,"column":24},"end":{"line":133,"column":47}},"66":{"start":{"line":134,"column":6},"end":{"line":134,"column":25}},"67":{"start":{"line":136,"column":4},"end":{"line":136,"column":22}},"68":{"start":{"line":138,"column":4},"end":{"line":138,"column":13}},"69":{"start":{"line":144,"column":2},"end":{"line":151,"column":3}},"70":{"start":{"line":144,"column":15},"end":{"line":144,"column":16}},"71":{"start":{"line":145,"column":24},"end":{"line":147,"column":6}},"72":{"start":{"line":146,"column":6},"end":{"line":146,"column":16}},"73":{"start":{"line":148,"column":4},"end":{"line":150,"column":5}},"74":{"start":{"line":149,"column":6},"end":{"line":149,"column":27}},"75":{"start":{"line":152,"column":2},"end":{"line":152,"column":10}},"76":{"start":{"line":155,"column":0},"end":{"line":166,"column":1}}},"fnMap":{"0":{"name":"buildDriver","decl":{"start":{"line":6,"column":15},"end":{"line":6,"column":26}},"loc":{"start":{"line":6,"column":33},"end":{"line":21,"column":1}},"line":6},"1":{"name":"sleep","decl":{"start":{"line":24,"column":9},"end":{"line":24,"column":14}},"loc":{"start":{"line":24,"column":20},"end":{"line":29,"column":1}},"line":24},"2":{"name":"(anonymous_2)","decl":{"start":{"line":26,"column":21},"end":{"line":26,"column":22}},"loc":{"start":{"line":26,"column":34},"end":{"line":28,"column":3}},"line":26},"3":{"name":"getRandomString","decl":{"start":{"line":32,"column":9},"end":{"line":32,"column":24}},"loc":{"start":{"line":32,"column":34},"end":{"line":39,"column":1}},"line":32},"4":{"name":"getElementCount","decl":{"start":{"line":42,"column":15},"end":{"line":42,"column":30}},"loc":{"start":{"line":42,"column":51},"end":{"line":64,"column":1}},"line":42},"5":{"name":"getElementListCss","decl":{"start":{"line":67,"column":15},"end":{"line":67,"column":32}},"loc":{"start":{"line":67,"column":53},"end":{"line":97,"column":1}},"line":67},"6":{"name":"(anonymous_6)","decl":{"start":{"line":74,"column":76},"end":{"line":74,"column":77}},"loc":{"start":{"line":74,"column":85},"end":{"line":76,"column":7}},"line":74},"7":{"name":"getElementListXpath","decl":{"start":{"line":101,"column":15},"end":{"line":101,"column":34}},"loc":{"start":{"line":101,"column":51},"end":{"line":111,"column":1}},"line":101},"8":{"name":"(anonymous_8)","decl":{"start":{"line":104,"column":17},"end":{"line":104,"column":18}},"loc":{"start":{"line":104,"column":34},"end":{"line":106,"column":5}},"line":104},"9":{"name":"getElementTextCss","decl":{"start":{"line":114,"column":15},"end":{"line":114,"column":32}},"loc":{"start":{"line":114,"column":50},"end":{"line":120,"column":1}},"line":114},"10":{"name":"(anonymous_10)","decl":{"start":{"line":116,"column":35},"end":{"line":116,"column":36}},"loc":{"start":{"line":116,"column":44},"end":{"line":118,"column":3}},"line":116},"11":{"name":"getElementText","decl":{"start":{"line":122,"column":15},"end":{"line":122,"column":29}},"loc":{"start":{"line":122,"column":40},"end":{"line":127,"column":1}},"line":122},"12":{"name":"(anonymous_12)","decl":{"start":{"line":123,"column":51},"end":{"line":123,"column":52}},"loc":{"start":{"line":123,"column":60},"end":{"line":125,"column":3}},"line":123},"13":{"name":"getElementName","decl":{"start":{"line":130,"column":15},"end":{"line":130,"column":29}},"loc":{"start":{"line":130,"column":51},"end":{"line":140,"column":1}},"line":130},"14":{"name":"(anonymous_14)","decl":{"start":{"line":132,"column":53},"end":{"line":132,"column":54}},"loc":{"start":{"line":132,"column":62},"end":{"line":135,"column":5}},"line":132},"15":{"name":"findElementInList","decl":{"start":{"line":143,"column":15},"end":{"line":143,"column":32}},"loc":{"start":{"line":143,"column":59},"end":{"line":153,"column":1}},"line":143},"16":{"name":"(anonymous_16)","decl":{"start":{"line":145,"column":60},"end":{"line":145,"column":61}},"loc":{"start":{"line":145,"column":69},"end":{"line":147,"column":5}},"line":145}},"branchMap":{"0":{"loc":{"start":{"line":55,"column":6},"end":{"line":59,"column":7}},"type":"if","locations":[{"start":{"line":55,"column":6},"end":{"line":59,"column":7}},{"start":{"line":57,"column":13},"end":{"line":59,"column":7}}],"line":55},"1":{"loc":{"start":{"line":78,"column":8},"end":{"line":84,"column":9}},"type":"if","locations":[{"start":{"line":78,"column":8},"end":{"line":84,"column":9}},{"start":{"line":82,"column":15},"end":{"line":84,"column":9}}],"line":78},"2":{"loc":{"start":{"line":88,"column":6},"end":{"line":92,"column":7}},"type":"if","locations":[{"start":{"line":88,"column":6},"end":{"line":92,"column":7}},{"start":{"line":90,"column":13},"end":{"line":92,"column":7}}],"line":88},"3":{"loc":{"start":{"line":148,"column":4},"end":{"line":150,"column":5}},"type":"if","locations":[{"start":{"line":148,"column":4},"end":{"line":150,"column":5}},{"start":{},"end":{}}],"line":148}},"s":{"0":3,"1":3,"2":3,"3":3,"4":3,"5":3,"6":3,"7":3,"8":0,"9":19,"10":19,"11":19,"12":0,"13":0,"14":0,"15":0,"16":0,"17":0,"18":0,"19":0,"20":0,"21":0,"22":0,"23":0,"24":0,"25":0,"26":0,"27":0,"28":0,"29":0,"30":0,"31":0,"32":0,"33":0,"34":0,"35":0,"36":0,"37":0,"38":0,"39":0,"40":0,"41":0,"42":0,"43":0,"44":0,"45":0,"46":0,"47":0,"48":0,"49":0,"50":0,"51":0,"52":0,"53":0,"54":0,"55":0,"56":0,"57":0,"58":0,"59":0,"60":5,"61":5,"62":5,"63":0,"64":0,"65":0,"66":0,"67":0,"68":0,"69":0,"70":0,"71":0,"72":0,"73":0,"74":0,"75":0,"76":3},"f":{"0":3,"1":19,"2":19,"3":0,"4":0,"5":0,"6":0,"7":0,"8":0,"9":0,"10":0,"11":5,"12":5,"13":0,"14":0,"15":0,"16":0},"b":{"0":[0,0],"1":[0,0],"2":[0,0],"3":[0,0]},"_coverageSchema":"1a1c01bbd47fc00a2c39e90264f33305004495a9","hash":"546a59732e1060a07ce9704acad996d67d15c106"}
,"/Users/bigpimpmcdaddy/Desktop/emergency-journal-application/app/testing/regression_testing/1_test_home/1_testPatientList.js": {"path":"/Users/bigpimpmcdaddy/Desktop/emergency-journal-application/app/testing/regression_testing/1_test_home/1_testPatientList.js","statementMap":{"0":{"start":{"line":1,"column":22},"end":{"line":1,"column":51}},"1":{"start":{"line":2,"column":46},"end":{"line":2,"column":76}},"2":{"start":{"line":3,"column":27},"end":{"line":3,"column":56}},"3":{"start":{"line":8,"column":22},"end":{"line":9,"column":17}},"4":{"start":{"line":10,"column":2},"end":{"line":10,"column":27}},"5":{"start":{"line":18,"column":17},"end":{"line":21,"column":3}},"6":{"start":{"line":22,"column":22},"end":{"line":22,"column":50}},"7":{"start":{"line":23,"column":2},"end":{"line":23,"column":33}},"8":{"start":{"line":24,"column":2},"end":{"line":29,"column":3}},"9":{"start":{"line":24,"column":15},"end":{"line":24,"column":16}},"10":{"start":{"line":25,"column":24},"end":{"line":27,"column":6}},"11":{"start":{"line":26,"column":6},"end":{"line":26,"column":16}},"12":{"start":{"line":28,"column":4},"end":{"line":28,"column":28}},"13":{"start":{"line":30,"column":23},"end":{"line":31,"column":58}},"14":{"start":{"line":32,"column":23},"end":{"line":33,"column":54}},"15":{"start":{"line":34,"column":2},"end":{"line":36,"column":3}},"16":{"start":{"line":35,"column":4},"end":{"line":35,"column":30}},"17":{"start":{"line":37,"column":2},"end":{"line":39,"column":3}},"18":{"start":{"line":38,"column":4},"end":{"line":38,"column":30}},"19":{"start":{"line":40,"column":2},"end":{"line":40,"column":15}},"20":{"start":{"line":43,"column":0},"end":{"line":43,"column":60}}},"fnMap":{"0":{"name":"getPatientListLength","decl":{"start":{"line":7,"column":15},"end":{"line":7,"column":35}},"loc":{"start":{"line":7,"column":45},"end":{"line":11,"column":1}},"line":7},"1":{"name":"getReasonForVisit","decl":{"start":{"line":17,"column":15},"end":{"line":17,"column":32}},"loc":{"start":{"line":17,"column":42},"end":{"line":41,"column":1}},"line":17},"2":{"name":"(anonymous_2)","decl":{"start":{"line":25,"column":60},"end":{"line":25,"column":61}},"loc":{"start":{"line":25,"column":69},"end":{"line":27,"column":5}},"line":25}},"branchMap":{"0":{"loc":{"start":{"line":34,"column":2},"end":{"line":36,"column":3}},"type":"if","locations":[{"start":{"line":34,"column":2},"end":{"line":36,"column":3}},{"start":{},"end":{}}],"line":34},"1":{"loc":{"start":{"line":37,"column":2},"end":{"line":39,"column":3}},"type":"if","locations":[{"start":{"line":37,"column":2},"end":{"line":39,"column":3}},{"start":{},"end":{}}],"line":37}},"s":{"0":1,"1":1,"2":1,"3":1,"4":1,"5":0,"6":0,"7":0,"8":0,"9":0,"10":0,"11":0,"12":0,"13":0,"14":0,"15":0,"16":0,"17":0,"18":0,"19":0,"20":1},"f":{"0":1,"1":0,"2":0},"b":{"0":[0,0],"1":[0,0]},"_coverageSchema":"1a1c01bbd47fc00a2c39e90264f33305004495a9","hash":"0b65e44713119875f572e754d0af118496aa8993"}
,"/Users/bigpimpmcdaddy/Desktop/emergency-journal-application/app/testing/regression_testing/1_test_home/homeUtilities.js": {"path":"/Users/bigpimpmcdaddy/Desktop/emergency-journal-application/app/testing/regression_testing/1_test_home/homeUtilities.js","statementMap":{"0":{"start":{"line":1,"column":22},"end":{"line":1,"column":51}},"1":{"start":{"line":2,"column":31},"end":{"line":2,"column":79}},"2":{"start":{"line":3,"column":16},"end":{"line":3,"column":43}},"3":{"start":{"line":4,"column":37},"end":{"line":4,"column":67}},"4":{"start":{"line":8,"column":22},"end":{"line":11,"column":4}},"5":{"start":{"line":10,"column":4},"end":{"line":10,"column":14}},"6":{"start":{"line":12,"column":2},"end":{"line":12,"column":20}},"7":{"start":{"line":18,"column":2},"end":{"line":18,"column":23}},"8":{"start":{"line":19,"column":2},"end":{"line":19,"column":18}},"9":{"start":{"line":20,"column":22},"end":{"line":20,"column":73}},"10":{"start":{"line":21,"column":2},"end":{"line":21,"column":20}},"11":{"start":{"line":24,"column":0},"end":{"line":24,"column":55}}},"fnMap":{"0":{"name":"getHomePageHeading","decl":{"start":{"line":7,"column":15},"end":{"line":7,"column":33}},"loc":{"start":{"line":7,"column":43},"end":{"line":13,"column":1}},"line":7},"1":{"name":"(anonymous_1)","decl":{"start":{"line":9,"column":41},"end":{"line":9,"column":42}},"loc":{"start":{"line":9,"column":50},"end":{"line":11,"column":3}},"line":9},"2":{"name":"getPatientList","decl":{"start":{"line":17,"column":15},"end":{"line":17,"column":29}},"loc":{"start":{"line":17,"column":39},"end":{"line":22,"column":1}},"line":17}},"branchMap":{},"s":{"0":1,"1":1,"2":1,"3":1,"4":1,"5":1,"6":1,"7":0,"8":0,"9":0,"10":0,"11":1},"f":{"0":1,"1":1,"2":0},"b":{},"_coverageSchema":"1a1c01bbd47fc00a2c39e90264f33305004495a9","hash":"ff1c9c60c2fd7b5506b755da63b00996ad1e4f4d"}
,"/Users/bigpimpmcdaddy/Desktop/emergency-journal-application/app/testing/regression_testing/2_test_login/1_testLogin.js": {"path":"/Users/bigpimpmcdaddy/Desktop/emergency-journal-application/app/testing/regression_testing/2_test_login/1_testLogin.js","statementMap":{"0":{"start":{"line":1,"column":27},"end":{"line":1,"column":56}},"1":{"start":{"line":2,"column":18},"end":{"line":2,"column":48}},"2":{"start":{"line":7,"column":18},"end":{"line":8,"column":36}},"3":{"start":{"line":9,"column":2},"end":{"line":9,"column":23}},"4":{"start":{"line":10,"column":2},"end":{"line":10,"column":35}},"5":{"start":{"line":11,"column":2},"end":{"line":11,"column":18}},"6":{"start":{"line":13,"column":22},"end":{"line":14,"column":40}},"7":{"start":{"line":15,"column":2},"end":{"line":15,"column":73}},"8":{"start":{"line":16,"column":2},"end":{"line":16,"column":18}},"9":{"start":{"line":18,"column":2},"end":{"line":19,"column":59}},"10":{"start":{"line":22,"column":2},"end":{"line":31,"column":3}},"11":{"start":{"line":23,"column":4},"end":{"line":24,"column":49}},"12":{"start":{"line":26,"column":4},"end":{"line":30,"column":5}},"13":{"start":{"line":27,"column":6},"end":{"line":27,"column":37}},"14":{"start":{"line":29,"column":6},"end":{"line":29,"column":16}},"15":{"start":{"line":32,"column":2},"end":{"line":32,"column":13}},"16":{"start":{"line":35,"column":0},"end":{"line":35,"column":30}}},"fnMap":{"0":{"name":"testLogin","decl":{"start":{"line":5,"column":15},"end":{"line":5,"column":24}},"loc":{"start":{"line":5,"column":34},"end":{"line":33,"column":1}},"line":5}},"branchMap":{"0":{"loc":{"start":{"line":26,"column":4},"end":{"line":30,"column":5}},"type":"if","locations":[{"start":{"line":26,"column":4},"end":{"line":30,"column":5}},{"start":{"line":28,"column":11},"end":{"line":30,"column":5}}],"line":26}},"s":{"0":3,"1":3,"2":3,"3":3,"4":3,"5":3,"6":3,"7":3,"8":3,"9":3,"10":3,"11":3,"12":0,"13":0,"14":0,"15":3,"16":3},"f":{"0":3},"b":{"0":[0,0]},"_coverageSchema":"1a1c01bbd47fc00a2c39e90264f33305004495a9","hash":"386a6e62d7ffb95d6a2bab702ef1110f7efba1ab"}
,"/Users/bigpimpmcdaddy/Desktop/emergency-journal-application/app/testing/regression_testing/2_test_login/loginUtilities.js": {"path":"/Users/bigpimpmcdaddy/Desktop/emergency-journal-application/app/testing/regression_testing/2_test_login/loginUtilities.js","statementMap":{"0":{"start":{"line":1,"column":22},"end":{"line":1,"column":49}},"1":{"start":{"line":2,"column":16},"end":{"line":2,"column":43}},"2":{"start":{"line":6,"column":17},"end":{"line":6,"column":45}},"3":{"start":{"line":7,"column":2},"end":{"line":9,"column":3}},"4":{"start":{"line":8,"column":4},"end":{"line":8,"column":27}},"5":{"start":{"line":12,"column":0},"end":{"line":12,"column":34}}},"fnMap":{"0":{"name":"loginIfNeeded","decl":{"start":{"line":5,"column":15},"end":{"line":5,"column":28}},"loc":{"start":{"line":5,"column":38},"end":{"line":10,"column":1}},"line":5}},"branchMap":{"0":{"loc":{"start":{"line":7,"column":2},"end":{"line":9,"column":3}},"type":"if","locations":[{"start":{"line":7,"column":2},"end":{"line":9,"column":3}},{"start":{},"end":{}}],"line":7}},"s":{"0":2,"1":2,"2":6,"3":6,"4":1,"5":2},"f":{"0":6},"b":{"0":[1,5]},"_coverageSchema":"1a1c01bbd47fc00a2c39e90264f33305004495a9","hash":"c3fbad415eb178aaa7845019cca7f1f1d3aaed8c"}
,"/Users/bigpimpmcdaddy/Desktop/emergency-journal-application/app/testing/regression_testing/3_test_patient/1_testPatientInfoBox.js": {"path":"/Users/bigpimpmcdaddy/Desktop/emergency-journal-application/app/testing/regression_testing/3_test_patient/1_testPatientInfoBox.js","statementMap":{"0":{"start":{"line":1,"column":22},"end":{"line":1,"column":51}},"1":{"start":{"line":2,"column":18},"end":{"line":2,"column":48}},"2":{"start":{"line":7,"column":28},"end":{"line":11,"column":3}},"3":{"start":{"line":13,"column":19},"end":{"line":13,"column":21}},"4":{"start":{"line":14,"column":29},"end":{"line":15,"column":60}},"5":{"start":{"line":16,"column":2},"end":{"line":21,"column":3}},"6":{"start":{"line":16,"column":15},"end":{"line":16,"column":16}},"7":{"start":{"line":17,"column":17},"end":{"line":19,"column":6}},"8":{"start":{"line":18,"column":6},"end":{"line":18,"column":16}},"9":{"start":{"line":20,"column":4},"end":{"line":20,"column":23}},"10":{"start":{"line":23,"column":2},"end":{"line":24,"column":55}},"11":{"start":{"line":25,"column":2},"end":{"line":25,"column":18}},"12":{"start":{"line":26,"column":22},"end":{"line":29,"column":4}},"13":{"start":{"line":28,"column":4},"end":{"line":28,"column":14}},"14":{"start":{"line":31,"column":2},"end":{"line":33,"column":3}},"15":{"start":{"line":32,"column":4},"end":{"line":32,"column":35}},"16":{"start":{"line":34,"column":2},"end":{"line":36,"column":3}},"17":{"start":{"line":35,"column":4},"end":{"line":35,"column":35}},"18":{"start":{"line":37,"column":2},"end":{"line":39,"column":3}},"19":{"start":{"line":38,"column":4},"end":{"line":38,"column":35}},"20":{"start":{"line":41,"column":2},"end":{"line":41,"column":26}},"21":{"start":{"line":44,"column":0},"end":{"line":44,"column":39}}},"fnMap":{"0":{"name":"testPatientInfoBox","decl":{"start":{"line":6,"column":15},"end":{"line":6,"column":33}},"loc":{"start":{"line":6,"column":43},"end":{"line":42,"column":1}},"line":6},"1":{"name":"(anonymous_1)","decl":{"start":{"line":17,"column":60},"end":{"line":17,"column":61}},"loc":{"start":{"line":17,"column":69},"end":{"line":19,"column":5}},"line":17},"2":{"name":"(anonymous_2)","decl":{"start":{"line":27,"column":47},"end":{"line":27,"column":48}},"loc":{"start":{"line":27,"column":56},"end":{"line":29,"column":3}},"line":27}},"branchMap":{"0":{"loc":{"start":{"line":31,"column":2},"end":{"line":33,"column":3}},"type":"if","locations":[{"start":{"line":31,"column":2},"end":{"line":33,"column":3}},{"start":{},"end":{}}],"line":31},"1":{"loc":{"start":{"line":34,"column":2},"end":{"line":36,"column":3}},"type":"if","locations":[{"start":{"line":34,"column":2},"end":{"line":36,"column":3}},{"start":{},"end":{}}],"line":34},"2":{"loc":{"start":{"line":37,"column":2},"end":{"line":39,"column":3}},"type":"if","locations":[{"start":{"line":37,"column":2},"end":{"line":39,"column":3}},{"start":{},"end":{}}],"line":37}},"s":{"0":1,"1":1,"2":1,"3":1,"4":1,"5":1,"6":1,"7":7,"8":7,"9":7,"10":1,"11":1,"12":1,"13":1,"14":1,"15":1,"16":1,"17":1,"18":1,"19":1,"20":1,"21":1},"f":{"0":1,"1":7,"2":1},"b":{"0":[1,0],"1":[1,0],"2":[1,0]},"_coverageSchema":"1a1c01bbd47fc00a2c39e90264f33305004495a9","hash":"39b836899ec9fbc9a6b12703bdef4878c7eed181"}
,"/Users/bigpimpmcdaddy/Desktop/emergency-journal-application/app/testing/regression_testing/3_test_patient/2_testBackToHomePageBtn.js": {"path":"/Users/bigpimpmcdaddy/Desktop/emergency-journal-application/app/testing/regression_testing/3_test_patient/2_testBackToHomePageBtn.js","statementMap":{"0":{"start":{"line":1,"column":22},"end":{"line":1,"column":51}},"1":{"start":{"line":2,"column":18},"end":{"line":2,"column":48}},"2":{"start":{"line":3,"column":16},"end":{"line":3,"column":43}},"3":{"start":{"line":8,"column":2},"end":{"line":9,"column":55}},"4":{"start":{"line":10,"column":2},"end":{"line":10,"column":18}},"5":{"start":{"line":11,"column":2},"end":{"line":12,"column":52}},"6":{"start":{"line":13,"column":2},"end":{"line":13,"column":18}},"7":{"start":{"line":14,"column":17},"end":{"line":14,"column":45}},"8":{"start":{"line":15,"column":2},"end":{"line":17,"column":3}},"9":{"start":{"line":16,"column":4},"end":{"line":16,"column":15}},"10":{"start":{"line":19,"column":2},"end":{"line":19,"column":14}},"11":{"start":{"line":22,"column":0},"end":{"line":22,"column":36}}},"fnMap":{"0":{"name":"testHomePageBtn","decl":{"start":{"line":7,"column":15},"end":{"line":7,"column":30}},"loc":{"start":{"line":7,"column":40},"end":{"line":20,"column":1}},"line":7}},"branchMap":{"0":{"loc":{"start":{"line":15,"column":2},"end":{"line":17,"column":3}},"type":"if","locations":[{"start":{"line":15,"column":2},"end":{"line":17,"column":3}},{"start":{},"end":{}}],"line":15}},"s":{"0":1,"1":1,"2":1,"3":1,"4":1,"5":1,"6":1,"7":1,"8":1,"9":1,"10":0,"11":1},"f":{"0":1},"b":{"0":[1,0]},"_coverageSchema":"1a1c01bbd47fc00a2c39e90264f33305004495a9","hash":"f949eebff4935705770060eb24d026618ff3eae9"}
,"/Users/bigpimpmcdaddy/Desktop/emergency-journal-application/app/testing/regression_testing/3_test_patient/3_testPatientTabs.js": {"path":"/Users/bigpimpmcdaddy/Desktop/emergency-journal-application/app/testing/regression_testing/3_test_patient/3_testPatientTabs.js","statementMap":{"0":{"start":{"line":1,"column":22},"end":{"line":1,"column":51}},"1":{"start":{"line":2,"column":34},"end":{"line":2,"column":64}},"2":{"start":{"line":6,"column":22},"end":{"line":10,"column":3}},"3":{"start":{"line":12,"column":2},"end":{"line":13,"column":55}},"4":{"start":{"line":14,"column":2},"end":{"line":14,"column":18}},"5":{"start":{"line":16,"column":15},"end":{"line":16,"column":77}},"6":{"start":{"line":17,"column":15},"end":{"line":17,"column":81}},"7":{"start":{"line":18,"column":15},"end":{"line":18,"column":81}},"8":{"start":{"line":19,"column":21},"end":{"line":19,"column":85}},"9":{"start":{"line":21,"column":2},"end":{"line":21,"column":20}},"10":{"start":{"line":22,"column":16},"end":{"line":22,"column":48}},"11":{"start":{"line":23,"column":2},"end":{"line":25,"column":3}},"12":{"start":{"line":24,"column":4},"end":{"line":24,"column":27}},"13":{"start":{"line":26,"column":2},"end":{"line":26,"column":20}},"14":{"start":{"line":27,"column":2},"end":{"line":27,"column":44}},"15":{"start":{"line":28,"column":2},"end":{"line":30,"column":3}},"16":{"start":{"line":29,"column":4},"end":{"line":29,"column":27}},"17":{"start":{"line":31,"column":2},"end":{"line":31,"column":20}},"18":{"start":{"line":32,"column":2},"end":{"line":32,"column":44}},"19":{"start":{"line":33,"column":2},"end":{"line":35,"column":3}},"20":{"start":{"line":34,"column":4},"end":{"line":34,"column":27}},"21":{"start":{"line":37,"column":2},"end":{"line":37,"column":20}},"22":{"start":{"line":40,"column":0},"end":{"line":40,"column":29}}},"fnMap":{"0":{"name":"testTabs","decl":{"start":{"line":5,"column":15},"end":{"line":5,"column":23}},"loc":{"start":{"line":5,"column":33},"end":{"line":38,"column":1}},"line":5}},"branchMap":{"0":{"loc":{"start":{"line":23,"column":2},"end":{"line":25,"column":3}},"type":"if","locations":[{"start":{"line":23,"column":2},"end":{"line":25,"column":3}},{"start":{},"end":{}}],"line":23},"1":{"loc":{"start":{"line":23,"column":6},"end":{"line":23,"column":84}},"type":"binary-expr","locations":[{"start":{"line":23,"column":6},"end":{"line":23,"column":44}},{"start":{"line":23,"column":48},"end":{"line":23,"column":84}}],"line":23},"2":{"loc":{"start":{"line":28,"column":2},"end":{"line":30,"column":3}},"type":"if","locations":[{"start":{"line":28,"column":2},"end":{"line":30,"column":3}},{"start":{},"end":{}}],"line":28},"3":{"loc":{"start":{"line":33,"column":2},"end":{"line":35,"column":3}},"type":"if","locations":[{"start":{"line":33,"column":2},"end":{"line":35,"column":3}},{"start":{},"end":{}}],"line":33}},"s":{"0":1,"1":1,"2":1,"3":1,"4":1,"5":1,"6":1,"7":1,"8":1,"9":1,"10":1,"11":1,"12":1,"13":1,"14":1,"15":1,"16":1,"17":1,"18":1,"19":1,"20":1,"21":1,"22":1},"f":{"0":1},"b":{"0":[1,0],"1":[1,1],"2":[1,0],"3":[1,0]},"_coverageSchema":"1a1c01bbd47fc00a2c39e90264f33305004495a9","hash":"d1445e5b532c3fab5294b776b1e0e706b22718dd"}
,"/Users/bigpimpmcdaddy/Desktop/emergency-journal-application/app/testing/regression_testing/3_test_patient/patientUtilities.js": {"path":"/Users/bigpimpmcdaddy/Desktop/emergency-journal-application/app/testing/regression_testing/3_test_patient/patientUtilities.js","statementMap":{"0":{"start":{"line":1,"column":27},"end":{"line":1,"column":57}},"1":{"start":{"line":2,"column":22},"end":{"line":2,"column":51}},"2":{"start":{"line":4,"column":27},"end":{"line":8,"column":1}},"3":{"start":{"line":13,"column":22},"end":{"line":14,"column":17}},"4":{"start":{"line":15,"column":2},"end":{"line":21,"column":3}},"5":{"start":{"line":16,"column":24},"end":{"line":16,"column":53}},"6":{"start":{"line":17,"column":4},"end":{"line":20,"column":5}},"7":{"start":{"line":18,"column":6},"end":{"line":18,"column":27}},"8":{"start":{"line":19,"column":6},"end":{"line":19,"column":17}},"9":{"start":{"line":22,"column":2},"end":{"line":22,"column":14}},"10":{"start":{"line":25,"column":0},"end":{"line":25,"column":52}}},"fnMap":{"0":{"name":"goToPatient","decl":{"start":{"line":12,"column":15},"end":{"line":12,"column":26}},"loc":{"start":{"line":12,"column":49},"end":{"line":23,"column":1}},"line":12}},"branchMap":{"0":{"loc":{"start":{"line":17,"column":4},"end":{"line":20,"column":5}},"type":"if","locations":[{"start":{"line":17,"column":4},"end":{"line":20,"column":5}},{"start":{},"end":{}}],"line":17}},"s":{"0":1,"1":1,"2":1,"3":1,"4":1,"5":2,"6":2,"7":1,"8":1,"9":0,"10":1},"f":{"0":1},"b":{"0":[1,1]},"_coverageSchema":"1a1c01bbd47fc00a2c39e90264f33305004495a9","hash":"b500349bde71fdbcbeb8ad3ec1fe972639dc10b7"}
,"/Users/bigpimpmcdaddy/Desktop/emergency-journal-application/app/testing/unit_testing/javascript/functions.js": {"path":"/Users/bigpimpmcdaddy/Desktop/emergency-journal-application/app/testing/unit_testing/javascript/functions.js","statementMap":{"0":{"start":{"line":2,"column":2},"end":{"line":4,"column":3}},"1":{"start":{"line":3,"column":4},"end":{"line":3,"column":40}},"2":{"start":{"line":5,"column":2},"end":{"line":5,"column":14}},"3":{"start":{"line":9,"column":17},"end":{"line":13,"column":3}},"4":{"start":{"line":14,"column":2},"end":{"line":14,"column":15}},"5":{"start":{"line":17,"column":0},"end":{"line":17,"column":38}}},"fnMap":{"0":{"name":"sum","decl":{"start":{"line":1,"column":9},"end":{"line":1,"column":12}},"loc":{"start":{"line":1,"column":20},"end":{"line":6,"column":1}},"line":1},"1":{"name":"returnObject","decl":{"start":{"line":8,"column":9},"end":{"line":8,"column":21}},"loc":{"start":{"line":8,"column":25},"end":{"line":15,"column":1}},"line":8}},"branchMap":{"0":{"loc":{"start":{"line":2,"column":2},"end":{"line":4,"column":3}},"type":"if","locations":[{"start":{"line":2,"column":2},"end":{"line":4,"column":3}},{"start":{},"end":{}}],"line":2}},"s":{"0":6,"1":4,"2":2,"3":2,"4":2,"5":2},"f":{"0":6,"1":2},"b":{"0":[4,2]},"_coverageSchema":"1a1c01bbd47fc00a2c39e90264f33305004495a9","hash":"70433a8fc422a02e4c3d9915b838b6c345257edc"}
}
