{"C:\\Users\\crustum\\Documents\\Universitetet\\År 4\\TDDC88\\emergency-journal-application\\app\\testing\\unit_testing\\javascript\\functions.js": {"path":"C:\\Users\\crustum\\Documents\\Universitetet\\År 4\\TDDC88\\emergency-journal-application\\app\\testing\\unit_testing\\javascript\\functions.js","statementMap":{"0":{"start":{"line":2,"column":2},"end":{"line":4,"column":3}},"1":{"start":{"line":3,"column":4},"end":{"line":3,"column":40}},"2":{"start":{"line":5,"column":2},"end":{"line":5,"column":14}},"3":{"start":{"line":9,"column":17},"end":{"line":13,"column":3}},"4":{"start":{"line":14,"column":2},"end":{"line":14,"column":15}},"5":{"start":{"line":17,"column":0},"end":{"line":17,"column":38}}},"fnMap":{"0":{"name":"sum","decl":{"start":{"line":1,"column":9},"end":{"line":1,"column":12}},"loc":{"start":{"line":1,"column":20},"end":{"line":6,"column":1}},"line":1},"1":{"name":"returnObject","decl":{"start":{"line":8,"column":9},"end":{"line":8,"column":21}},"loc":{"start":{"line":8,"column":25},"end":{"line":15,"column":1}},"line":8}},"branchMap":{"0":{"loc":{"start":{"line":2,"column":2},"end":{"line":4,"column":3}},"type":"if","locations":[{"start":{"line":2,"column":2},"end":{"line":4,"column":3}},{"start":{},"end":{}}],"line":2}},"s":{"0":6,"1":4,"2":2,"3":2,"4":2,"5":2},"f":{"0":6,"1":2},"b":{"0":[4,2]},"_coverageSchema":"1a1c01bbd47fc00a2c39e90264f33305004495a9","hash":"fee35715e16ba775f2484ef5f0dea3297e7963f2"}
}
