TN:
SF:regression_testing/testConfig.js
FNF:0
FNH:0
DA:1,2
DA:2,2
DA:3,2
LF:3
LH:3
BRF:0
BRH:0
end_of_record
TN:
SF:regression_testing/testUtilities.js
FN:7,buildDriver
FN:25,sleep
FN:27,(anonymous_2)
FN:33,getRandomString
FN:43,getElementCount
FN:68,getElementListCss
FN:75,(anonymous_6)
FN:102,getElementListXpath
FN:105,(anonymous_8)
FN:115,getElementTextCss
FN:117,(anonymous_10)
FN:123,getElementText
FN:124,(anonymous_12)
FN:131,getElementName
FN:133,(anonymous_14)
FN:144,findElementInList
FN:146,(anonymous_16)
FNF:17
FNH:7
FNDA:2,buildDriver
FNDA:4,sleep
FNDA:4,(anonymous_2)
FNDA:0,getRandomString
FNDA:0,getElementCount
FNDA:3,getElementListCss
FNDA:3,(anonymous_6)
FNDA:0,getElementListXpath
FNDA:0,(anonymous_8)
FNDA:0,getElementTextCss
FNDA:0,(anonymous_10)
FNDA:2,getElementText
FNDA:2,(anonymous_12)
FNDA:0,getElementName
FNDA:0,(anonymous_14)
FNDA:0,findElementInList
FNDA:0,(anonymous_16)
DA:1,2
DA:2,2
DA:3,2
DA:4,2
DA:8,2
DA:11,2
DA:12,2
DA:17,2
DA:18,2
DA:20,0
DA:26,4
DA:27,4
DA:28,4
DA:34,0
DA:35,0
DA:36,0
DA:37,0
DA:39,0
DA:44,0
DA:45,0
DA:46,0
DA:47,0
DA:48,0
DA:49,0
DA:51,0
DA:52,0
DA:54,0
DA:56,0
DA:57,0
DA:59,0
DA:63,0
DA:64,0
DA:69,3
DA:70,3
DA:71,3
DA:72,3
DA:73,6
DA:74,6
DA:76,3
DA:78,3
DA:79,3
DA:80,3
DA:81,6
DA:84,0
DA:87,3
DA:89,3
DA:90,3
DA:92,0
DA:96,3
DA:97,3
DA:103,0
DA:104,0
DA:106,0
DA:108,0
DA:110,0
DA:116,0
DA:118,0
DA:120,0
DA:124,2
DA:125,2
DA:127,2
DA:132,0
DA:133,0
DA:134,0
DA:135,0
DA:137,0
DA:139,0
DA:145,0
DA:146,0
DA:147,0
DA:149,0
DA:150,0
DA:153,0
DA:156,2
LF:74
LH:32
BRDA:56,0,0,0
BRDA:56,0,1,0
BRDA:79,1,0,3
BRDA:79,1,1,0
BRDA:89,2,0,3
BRDA:89,2,1,0
BRDA:149,3,0,0
BRDA:149,3,1,0
BRF:8
BRH:2
end_of_record
TN:
SF:regression_testing/1_test_home/1_testPatientList.js
FN:5,testPatientList
FNF:1
FNH:1
FNDA:1,testPatientList
DA:1,1
DA:2,1
DA:3,1
DA:6,1
DA:7,1
DA:8,1
DA:9,1
DA:12,1
LF:8
LH:8
BRF:0
BRH:0
end_of_record
TN:
SF:regression_testing/1_test_home/homeUtilities.js
FN:3,getHomePageHeading
FN:7,(anonymous_1)
FNF:2
FNH:2
FNDA:1,getHomePageHeading
FNDA:1,(anonymous_1)
DA:1,1
DA:4,1
DA:5,1
DA:6,1
DA:8,1
DA:10,1
DA:13,1
LF:7
LH:7
BRF:0
BRH:0
end_of_record
TN:
SF:regression_testing/3_test_patient/1_testPatientInfoBox.js
FN:5,testPatientInfoBox
FN:9,(anonymous_1)
FNF:2
FNH:2
FNDA:1,testPatientInfoBox
FNDA:1,(anonymous_1)
DA:1,1
DA:2,1
DA:3,1
DA:6,1
DA:7,1
DA:8,1
DA:10,1
DA:12,1
DA:13,1
DA:15,0
DA:18,1
LF:11
LH:10
BRDA:12,0,0,1
BRDA:12,0,1,0
BRF:2
BRH:1
end_of_record
TN:
SF:regression_testing/3_test_patient/patientUtilities.js
FN:10,goToPatient
FNF:1
FNH:1
FNDA:2,goToPatient
DA:1,2
DA:2,2
DA:4,2
DA:11,2
DA:12,2
DA:13,2
DA:14,2
DA:15,2
DA:16,2
DA:17,2
DA:18,2
DA:21,0
DA:24,2
LF:13
LH:12
BRDA:16,0,0,2
BRDA:16,0,1,0
BRF:2
BRH:1
end_of_record
TN:
SF:unit_testing/javascript/functions.js
FN:1,sum
FN:8,returnObject
FNF:2
FNH:2
FNDA:3,sum
FNDA:1,returnObject
DA:2,3
DA:3,2
DA:5,1
DA:9,1
DA:14,1
DA:17,1
LF:6
LH:6
BRDA:2,0,0,2
BRDA:2,0,1,1
BRF:2
BRH:2
end_of_record
